[    0.000000] Initializing cgroup subsys cpuset
[    0.000000] Initializing cgroup subsys cpu
[    0.000000] Initializing cgroup subsys cpuacct
[    0.000000] Linux version 4.4.0-171-generic (buildd@lcy01-amd64-018) (gcc version 5.4.0 20160609 (Ubuntu 5.4.0-6ubuntu1~16.04.12) ) #200-Ubuntu SMP Tue Dec 3 11:04:55 UTC 2019 (Ubuntu 4.4.0-171.200-generic 4.4.203)
[    0.000000] Command line: BOOT_IMAGE=/boot/vmlinuz-4.4.0-171-generic root=LABEL=cloudimg-rootfs ro console=tty1 console=ttyS0
[    0.000000] KERNEL supported cpus:
[    0.000000]   Intel GenuineIntel
[    0.000000]   AMD AuthenticAMD
[    0.000000]   Centaur CentaurHauls
[    0.000000] x86/fpu: xstate_offset[2]:  576, xstate_sizes[2]:  256
[    0.000000] x86/fpu: Supporting XSAVE feature 0x01: 'x87 floating point registers'
[    0.000000] x86/fpu: Supporting XSAVE feature 0x02: 'SSE registers'
[    0.000000] x86/fpu: Supporting XSAVE feature 0x04: 'AVX registers'
[    0.000000] x86/fpu: Enabled xstate features 0x7, context size is 832 bytes, using 'standard' format.
[    0.000000] e820: BIOS-provided physical RAM map:
[    0.000000] BIOS-e820: [mem 0x0000000000000000-0x000000000009fbff] usable
[    0.000000] BIOS-e820: [mem 0x000000000009fc00-0x000000000009ffff] reserved
[    0.000000] BIOS-e820: [mem 0x00000000000f0000-0x00000000000fffff] reserved
[    0.000000] BIOS-e820: [mem 0x0000000000100000-0x000000003ffeffff] usable
[    0.000000] BIOS-e820: [mem 0x000000003fff0000-0x000000003fffffff] ACPI data
[    0.000000] BIOS-e820: [mem 0x00000000fec00000-0x00000000fec00fff] reserved
[    0.000000] BIOS-e820: [mem 0x00000000fee00000-0x00000000fee00fff] reserved
[    0.000000] BIOS-e820: [mem 0x00000000fffc0000-0x00000000ffffffff] reserved
[    0.000000] NX (Execute Disable) protection: active
[    0.000000] SMBIOS 2.5 present.
[    0.000000] Hypervisor detected: KVM
[    0.000000] e820: last_pfn = 0x3fff0 max_arch_pfn = 0x400000000
[    0.000000] MTRR: Disabled
[    0.000000] x86/PAT: MTRRs disabled, skipping PAT initialization too.
[    0.000000] CPU MTRRs all blank - virtualized system.
[    0.000000] x86/PAT: Configuration [0-7]: WB  WT  UC- UC  WB  WT  UC- UC  
[    0.000000] found SMP MP-table at [mem 0x0009fff0-0x0009ffff] mapped at [ffff88000009fff0]
[    0.000000] Scanning 1 areas for low memory corruption
[    0.000000] RAMDISK: [mem 0x362e2000-0x37168fff]
[    0.000000] ACPI: Early table checksum verification disabled
[    0.000000] ACPI: RSDP 0x00000000000E0000 000024 (v02 VBOX  )
[    0.000000] ACPI: XSDT 0x000000003FFF0030 00003C (v01 VBOX   VBOXXSDT 00000001 ASL  00000061)
[    0.000000] ACPI: FACP 0x000000003FFF00F0 0000F4 (v04 VBOX   VBOXFACP 00000001 ASL  00000061)
[    0.000000] ACPI: DSDT 0x000000003FFF0470 0022EA (v02 VBOX   VBOXBIOS 00000002 INTL 20100528)
[    0.000000] ACPI: FACS 0x000000003FFF0200 000040
[    0.000000] ACPI: FACS 0x000000003FFF0200 000040
[    0.000000] ACPI: APIC 0x000000003FFF0240 00005C (v02 VBOX   VBOXAPIC 00000001 ASL  00000061)
[    0.000000] ACPI: SSDT 0x000000003FFF02A0 0001CC (v01 VBOX   VBOXCPUT 00000002 INTL 20100528)
[    0.000000] No NUMA configuration found
[    0.000000] Faking a node at [mem 0x0000000000000000-0x000000003ffeffff]
[    0.000000] NODE_DATA(0) allocated [mem 0x3ffeb000-0x3ffeffff]
[    0.000000] kvm-clock: Using msrs 4b564d01 and 4b564d00
[    0.000000] kvm-clock: cpu 0, msr 0:3ffe3001, primary cpu clock
[    0.000000] kvm-clock: using sched offset of 3310152686 cycles
[    0.000000] clocksource: kvm-clock: mask: 0xffffffffffffffff max_cycles: 0x1cd42e4dffb, max_idle_ns: 881590591483 ns
[    0.000000] Zone ranges:
[    0.000000]   DMA      [mem 0x0000000000001000-0x0000000000ffffff]
[    0.000000]   DMA32    [mem 0x0000000001000000-0x000000003ffeffff]
[    0.000000]   Normal   empty
[    0.000000]   Device   empty
[    0.000000] Movable zone start for each node
[    0.000000] Early memory node ranges
[    0.000000]   node   0: [mem 0x0000000000001000-0x000000000009efff]
[    0.000000]   node   0: [mem 0x0000000000100000-0x000000003ffeffff]
[    0.000000] Initmem setup node 0 [mem 0x0000000000001000-0x000000003ffeffff]
[    0.000000] ACPI: PM-Timer IO Port: 0x4008
[    0.000000] IOAPIC[0]: apic_id 2, version 32, address 0xfec00000, GSI 0-23
[    0.000000] ACPI: INT_SRC_OVR (bus 0 bus_irq 0 global_irq 2 dfl dfl)
[    0.000000] ACPI: INT_SRC_OVR (bus 0 bus_irq 9 global_irq 9 low level)
[    0.000000] Using ACPI (MADT) for SMP configuration information
[    0.000000] smpboot: Allowing 2 CPUs, 0 hotplug CPUs
[    0.000000] PM: Registered nosave memory: [mem 0x00000000-0x00000fff]
[    0.000000] PM: Registered nosave memory: [mem 0x0009f000-0x0009ffff]
[    0.000000] PM: Registered nosave memory: [mem 0x000a0000-0x000effff]
[    0.000000] PM: Registered nosave memory: [mem 0x000f0000-0x000fffff]
[    0.000000] e820: [mem 0x40000000-0xfebfffff] available for PCI devices
[    0.000000] Booting paravirtualized kernel on KVM
[    0.000000] clocksource: refined-jiffies: mask: 0xffffffff max_cycles: 0xffffffff, max_idle_ns: 7645519600211568 ns
[    0.000000] setup_percpu: NR_CPUS:512 nr_cpumask_bits:512 nr_cpu_ids:2 nr_node_ids:1
[    0.000000] PERCPU: Embedded 33 pages/cpu @ffff88003fc00000 s95448 r8192 d31528 u1048576
[    0.000000] Built 1 zonelists in Node order, mobility grouping on.  Total pages: 257912
[    0.000000] Policy zone: DMA32
[    0.000000] Kernel command line: BOOT_IMAGE=/boot/vmlinuz-4.4.0-171-generic root=LABEL=cloudimg-rootfs ro console=tty1 console=ttyS0
[    0.000000] PID hash table entries: 4096 (order: 3, 32768 bytes)
[    0.000000] Memory: 997680K/1048120K available (8626K kernel code, 1336K rwdata, 4032K rodata, 1488K init, 1288K bss, 50440K reserved, 0K cma-reserved)
[    0.000000] SLUB: HWalign=64, Order=0-3, MinObjects=0, CPUs=2, Nodes=1
[    0.000000] Kernel/User page tables isolation: enabled
[    0.000000] Hierarchical RCU implementation.
[    0.000000] 	Build-time adjustment of leaf fanout to 64.
[    0.000000] 	RCU restricting CPUs from NR_CPUS=512 to nr_cpu_ids=2.
[    0.000000] RCU: Adjusting geometry for rcu_fanout_leaf=64, nr_cpu_ids=2
[    0.000000] NR_IRQS:33024 nr_irqs:440 16
[    0.000000] Console: colour VGA+ 80x25
[    0.000000] console [tty1] enabled
[    0.000000] console [ttyS0] enabled
[    0.000000] tsc: Detected 2807.998 MHz processor
[    0.158359] Calibrating delay loop (skipped) preset value.. 5615.99 BogoMIPS (lpj=11231992)
[    0.160905] pid_max: default: 32768 minimum: 301
[    0.161886] ACPI: Core revision 20150930
[    0.163445] ACPI: 2 ACPI AML tables successfully acquired and loaded
[    0.164776] Security Framework initialized
[    0.165654] Yama: becoming mindful.
[    0.166840] AppArmor: AppArmor initialized
[    0.168125] Dentry cache hash table entries: 131072 (order: 8, 1048576 bytes)
[    0.171175] Inode-cache hash table entries: 65536 (order: 7, 524288 bytes)
[    0.172581] Mount-cache hash table entries: 2048 (order: 2, 16384 bytes)
[    0.173891] Mountpoint-cache hash table entries: 2048 (order: 2, 16384 bytes)
[    0.175347] Initializing cgroup subsys io
[    0.176197] Initializing cgroup subsys memory
[    0.177097] Initializing cgroup subsys devices
[    0.178157] Initializing cgroup subsys freezer
[    0.179106] Initializing cgroup subsys net_cls
[    0.180015] Initializing cgroup subsys perf_event
[    0.180958] Initializing cgroup subsys net_prio
[    0.181917] Initializing cgroup subsys hugetlb
[    0.182801] Initializing cgroup subsys pids
[    0.185325] mce: CPU supports 0 MCE banks
[    0.186450] Last level iTLB entries: 4KB 64, 2MB 8, 4MB 8
[    0.187547] Last level dTLB entries: 4KB 64, 2MB 0, 4MB 0, 1GB 4
[    0.188698] Spectre V1 : Mitigation: usercopy/swapgs barriers and __user pointer sanitization
[    0.190698] Spectre V2 : Mitigation: Full generic retpoline
[    0.191788] Spectre V2 : Spectre v2 / SpectreRSB mitigation: Filling RSB on context switch
[    0.193446] Speculative Store Bypass: Vulnerable
[    0.194481] MDS: Mitigation: Clear CPU buffers
[    0.197968] Freeing SMP alternatives memory: 36K
[    0.204595] ftrace: allocating 32302 entries in 127 pages
[    0.259270] smpboot: APIC(0) Converting physical 0 to logical package 0
[    0.261034] smpboot: Max logical packages: 1
[    0.262190] x2apic enabled
[    0.263153] Switched APIC routing to physical x2apic.
[    0.265062] ..TIMER: vector=0x30 apic1=0 pin1=2 apic2=-1 pin2=-1
[    0.374381] smpboot: CPU0: Intel(R) Core(TM) i7-7700HQ CPU @ 2.80GHz (family: 0x6, model: 0x9e, stepping: 0x9)
[    0.378073] Performance Events: unsupported p6 CPU model 158 no PMU driver, software events only.
[    0.389825] KVM setup paravirtual spinlock
[    0.391874] x86: Booting SMP configuration:
[    0.393250] .... node  #0, CPUs:      #1
[    0.394294] kvm-clock: cpu 1, msr 0:3ffe3041, secondary cpu clock
[    0.396554] mce: CPU supports 0 MCE banks
[    0.399167] x86: Booted up 1 node, 2 CPUs
[    0.400198] smpboot: Total of 2 processors activated (11231.99 BogoMIPS)
[    0.401898] devtmpfs: initialized
[    0.404380] evm: security.selinux
[    0.405268] evm: security.SMACK64
[    0.406071] evm: security.SMACK64EXEC
[    0.406978] evm: security.SMACK64TRANSMUTE
[    0.407840] evm: security.SMACK64MMAP
[    0.408629] evm: security.ima
[    0.409342] evm: security.capability
[    0.410450] clocksource: jiffies: mask: 0xffffffff max_cycles: 0xffffffff, max_idle_ns: 7645041785100000 ns
[    0.412797] futex hash table entries: 512 (order: 3, 32768 bytes)
[    0.414218] pinctrl core: initialized pinctrl subsystem
[    0.415446] RTC time:  8:17:13, date: 01/21/20
[    0.416587] NET: Registered protocol family 16
[    0.430497] cpuidle: using governor ladder
[    0.442565] cpuidle: using governor menu
[    0.444163] PCCT header not found.
[    0.445491] ACPI: bus type PCI registered
[    0.446974] acpiphp: ACPI Hot Plug PCI Controller Driver version: 0.5
[    0.448511] PCI: Using configuration type 1 for base access
[    0.463661] ACPI: Added _OSI(Module Device)
[    0.465675] ACPI: Added _OSI(Processor Device)
[    0.467159] ACPI: Added _OSI(3.0 _SCP Extensions)
[    0.468376] ACPI: Added _OSI(Processor Aggregator Device)
[    0.470265] ACPI: Executed 1 blocks of module-level executable AML code
[    0.473706] ACPI: Interpreter enabled
[    0.474554] ACPI: (supports S0 S5)
[    0.475346] ACPI: Using IOAPIC for interrupt routing
[    0.476526] PCI: Using host bridge windows from ACPI; if necessary, use "pci=nocrs" and report a bug
[    0.482246] ACPI: PCI Root Bridge [PCI0] (domain 0000 [bus 00-ff])
[    0.483864] acpi PNP0A03:00: _OSC: OS supports [ASPM ClockPM Segments MSI]
[    0.485633] acpi PNP0A03:00: _OSC: not requesting OS control; OS requires [ExtendedConfig ASPM ClockPM MSI]
[    0.487833] acpi PNP0A03:00: fail to add MMCONFIG information, can't access extended PCI configuration space under this bridge.
[    0.490448] PCI host bridge to bus 0000:00
[    0.491366] pci_bus 0000:00: root bus resource [io  0x0000-0x0cf7 window]
[    0.493111] pci_bus 0000:00: root bus resource [io  0x0d00-0xffff window]
[    0.494647] pci_bus 0000:00: root bus resource [mem 0x000a0000-0x000bffff window]
[    0.496212] pci_bus 0000:00: root bus resource [mem 0x40000000-0xfdffffff window]
[    0.497817] pci_bus 0000:00: root bus resource [bus 00-ff]
[    0.501602] pci 0000:00:01.1: legacy IDE quirk: reg 0x10: [io  0x01f0-0x01f7]
[    0.503520] pci 0000:00:01.1: legacy IDE quirk: reg 0x14: [io  0x03f6]
[    0.504762] pci 0000:00:01.1: legacy IDE quirk: reg 0x18: [io  0x0170-0x0177]
[    0.506166] pci 0000:00:01.1: legacy IDE quirk: reg 0x1c: [io  0x0376]
[    0.528033] pci 0000:00:07.0: quirk: [io  0x4000-0x403f] claimed by PIIX4 ACPI
[    0.530556] pci 0000:00:07.0: quirk: [io  0x4100-0x410f] claimed by PIIX4 SMB
[    0.539698] ACPI: PCI Interrupt Link [LNKA] (IRQs 5 9 10 *11)
[    0.542065] ACPI: PCI Interrupt Link [LNKB] (IRQs 5 9 *10 11)
[    0.544181] ACPI: PCI Interrupt Link [LNKC] (IRQs 5 *9 10 11)
[    0.545804] ACPI: PCI Interrupt Link [LNKD] (IRQs 5 9 10 *11)
[    0.547493] ACPI: Enabled 2 GPEs in block 00 to 07
[    0.548998] vgaarb: setting as boot device: PCI:0000:00:02.0
[    0.550621] vgaarb: device added: PCI:0000:00:02.0,decodes=io+mem,owns=io+mem,locks=none
[    0.552355] vgaarb: loaded
[    0.553043] vgaarb: bridge control possible 0000:00:02.0
[    0.554297] SCSI subsystem initialized
[    0.555216] ACPI: bus type USB registered
[    0.556097] usbcore: registered new interface driver usbfs
[    0.557208] usbcore: registered new interface driver hub
[    0.558657] usbcore: registered new device driver usb
[    0.559880] PCI: Using ACPI for IRQ routing
[    0.561339] NetLabel: Initializing
[    0.562209] NetLabel:  domain hash size = 128
[    0.563131] NetLabel:  protocols = UNLABELED CIPSOv4
[    0.565518] NetLabel:  unlabeled traffic allowed by default
[    0.566824] amd_nb: Cannot enumerate AMD northbridges
[    0.568344] clocksource: Switched to clocksource kvm-clock
[    0.576285] AppArmor: AppArmor Filesystem Enabled
[    0.577837] pnp: PnP ACPI init
[    0.579553] pnp: PnP ACPI: found 3 devices
[    0.588915] clocksource: acpi_pm: mask: 0xffffff max_cycles: 0xffffff, max_idle_ns: 2085701024 ns
[    0.591084] NET: Registered protocol family 2
[    0.592115] TCP established hash table entries: 8192 (order: 4, 65536 bytes)
[    0.593778] TCP bind hash table entries: 8192 (order: 5, 131072 bytes)
[    0.595039] TCP: Hash tables configured (established 8192 bind 8192)
[    0.596853] UDP hash table entries: 512 (order: 2, 16384 bytes)
[    0.598015] UDP-Lite hash table entries: 512 (order: 2, 16384 bytes)
[    0.599722] NET: Registered protocol family 1
[    0.600763] pci 0000:00:00.0: Limiting direct PCI/PCI transfers
[    0.601993] pci 0000:00:01.0: Activating ISA DMA hang workarounds
[    0.603319] Unpacking initramfs...
[    0.806700] Freeing initrd memory: 14876K
[    0.808536] clocksource: tsc: mask: 0xffffffffffffffff max_cycles: 0x2879c456dd4, max_idle_ns: 440795285767 ns
[    0.811269] platform rtc_cmos: registered platform RTC device (no PNP device found)
[    0.813078] Scanning for low memory corruption every 60 seconds
[    0.814739] audit: initializing netlink subsys (disabled)
[    0.816304] audit: type=2000 audit(1579594638.637:1): initialized
[    0.818153] Initialise system trusted keyring
[    0.819334] HugeTLB registered 2 MB page size, pre-allocated 0 pages
[    0.822059] zbud: loaded
[    0.823123] VFS: Disk quotas dquot_6.6.0
[    0.824318] VFS: Dquot-cache hash table entries: 512 (order 0, 4096 bytes)
[    0.826733] squashfs: version 4.0 (2009/01/31) Phillip Lougher
[    0.829516] fuse init (API version 7.23)
[    0.830893] Key type big_key registered
[    0.831765] Allocating IMA MOK and blacklist keyrings.
[    0.833835] Key type asymmetric registered
[    0.834865] Asymmetric key parser 'x509' registered
[    0.836158] Block layer SCSI generic (bsg) driver version 0.4 loaded (major 249)
[    0.837941] io scheduler noop registered
[    0.838820] io scheduler deadline registered (default)
[    0.839915] io scheduler cfq registered
[    0.840893] pci_hotplug: PCI Hot Plug PCI Core version: 0.5
[    0.842044] pciehp: PCI Express Hot Plug Controller Driver version: 0.4
[    0.843631] ACPI: AC Adapter [AC] (off-line)
[    0.844607] input: Power Button as /devices/LNXSYSTM:00/LNXPWRBN:00/input/input0
[    0.846259] ACPI: Power Button [PWRF]
[    0.847167] input: Sleep Button as /devices/LNXSYSTM:00/LNXSLPBN:00/input/input1
[    0.848767] ACPI: Sleep Button [SLPF]
[    0.850126] GHES: HEST is not enabled!
[    0.852458] ACPI: Battery Slot [BAT0] (battery present)
[    0.853921] Serial: 8250/16550 driver, 32 ports, IRQ sharing enabled
[    0.875686] 00:02: ttyS0 at I/O 0x38 (irq = 4, base_baud = 115200) is a 1550A
[    0.881856] Linux agpgart interface v0.103
[    0.884314] loop: module loaded
[    0.885860] scsi host0: ata_piix
[    0.886805] scsi host1: ata_piix
[    0.887600] ata1: PATA max UDMA/33 cmd 0x1f0 ctl 0x3f6 bmdma 0xd000 irq 14
[    0.889191] ata2: PATA max UDMA/33 cmd 0x170 ctl 0x376 bmdma 0xd008 irq 15
[    0.890660] libphy: Fixed MDIO Bus: probed
[    0.891600] tun: Universal TUN/TAP device driver, 1.6
[    0.892711] tun: (C) 1999-2004 Max Krasnyansky <maxk@qualcomm.com>
[    0.894102] PPP generic driver version 2.4.2
[    0.895203] ehci_hcd: USB 2.0 'Enhanced' Host Controller (EHCI) Driver
[    0.896497] ehci-pci: EHCI PCI platform driver
[    0.897597] ehci-platform: EHCI generic platform driver
[    0.898646] ohci_hcd: USB 1.1 'Open' Host Controller (OHCI) Driver
[    0.899884] ohci-pci: OHCI PCI platform driver
[    0.901622] ohci-platform: OHCI generic platform driver
[    0.902726] uhci_hcd: USB Universal Host Controller Interface driver
[    0.903997] i8042: PNP: PS/2 Controller [PNP0303:PS2K,PNP0f03:PS2M] at 0x60,0x64 irq 1,12
[    0.906212] serio: i8042 KBD port at 0x60,0x64 irq 1
[    0.907262] serio: i8042 AUX port at 0x60,0x64 irq 12
[    0.908440] mousedev: PS/2 mouse device common for all mice
[    0.910265] input: AT Translated Set 2 keyboard as /devices/platform/i8042/serio0/input/input2
[    0.912458] rtc_cmos rtc_cmos: rtc core: registered rtc_cmos as rtc0
[    0.913931] rtc_cmos rtc_cmos: alarms up to one day, 114 bytes nvram
[    0.915170] i2c /dev entries driver
[    0.915986] device-mapper: uevent: version 1.0.3
[    0.917124] device-mapper: ioctl: 4.34.0-ioctl (2015-10-28) initialised: dm-devel@redhat.com
[    0.918891] ledtrig-cpu: registered to indicate activity on CPUs
[    0.920592] NET: Registered protocol family 10
[    0.921790] NET: Registered protocol family 17
[    0.922739] Key type dns_resolver registered
[    0.924271] registered taskstats version 1
[    0.925207] Loading compiled-in X.509 certificates
[    0.926668] Loaded X.509 cert 'Build time autogenerated kernel key: e951a32ceec0422669d36e9913b2c7dea5e0a587'
[    0.928640] zswap: loaded using pool lzo/zbud
[    0.931077] Key type trusted registered
[    0.935136] Key type encrypted registered
[    0.936335] AppArmor: AppArmor sha1 policy hashing enabled
[    0.937723] ima: No TPM chip found, activating TPM-bypass!
[    0.938821] ima: Allocated hash algorithm: sha1
[    0.940014] evm: HMAC attrs: 0x1
[    0.941233]   Magic number: 4:114:271
[    0.942541] rtc_cmos rtc_cmos: setting system clock to 2020-01-21 08:17:14 UTC (1579594634)
[    0.944759] BIOS EDD facility v0.16 2004-Jun-25, 0 devices found
[    0.946003] EDD information not available.
[    1.054290] Freeing unused kernel memory: 1488K
[    1.056548] Write protecting the kernel read-only data: 14336k
[    1.059200] Freeing unused kernel memory: 1604K
[    1.060702] Freeing unused kernel memory: 64K
Loading, please wait...
starting version 229
[    1.075804] random: systemd-udevd: uninitialized urandom read (16 bytes read, 3 bits of entropy available)
[    1.076302] random: udevadm: uninitialized urandom read (16 bytes read, 3 bits of entropy available)
[    1.076317] random: udevadm: uninitialized urandom read (16 bytes read, 3 bits of entropy available)
[    1.082679] random: systemd-udevd: uninitialized urandom read (16 bytes read, 3 bits of entropy available)
[    1.083157] random: udevadm: uninitialized urandom read (16 bytes read, 3 bits of entropy available)
[    1.083210] random: udevadm: uninitialized urandom read (16 bytes read, 3 bits of entropy available)
[    1.083369] random: udevadm: uninitialized urandom read (16 bytes read, 3 bits of entropy available)
[    1.083444] random: udevadm: uninitialized urandom read (16 bytes read, 3 bits of entropy available)
[    1.083483] random: udevadm: uninitialized urandom read (16 bytes read, 3 bits of entropy available)
[    1.083556] random: udevadm: uninitialized urandom read (16 bytes read, 3 bits of entropy available)
[    1.122365] e1000: Intel(R) PRO/1000 Network Driver - version 7.3.21-k8-NAPI
[    1.124701] e1000: Copyright (c) 1999-2006 Intel Corporation.
[    1.130326] Fusion MPT base driver 3.04.20
[    1.131790] Copyright (c) 1999-2008 LSI Corporation
[    1.144770] Fusion MPT SPI Host driver 3.04.20
[    1.149040] AVX2 version of gcm_enc/dec engaged.
[    1.150609] AES CTR mode by8 optimization enabled
[    1.339670] input: ImExPS/2 Generic Explorer Mouse as /devices/platform/i8042/serio1/input/input4
[    1.511352] e1000 0000:00:03.0 eth0: (PCI:33MHz:32-bit) 02:e4:c4:97:dc:06
[    1.513229] e1000 0000:00:03.0 eth0: Intel(R) PRO/1000 Network Connection
[    1.515709] mptbase: ioc0: Initiating bringup
[    1.772154] ioc0: LSI53C1030 A0: Capabilities={Initiator}
[    2.605070] scsi host2: ioc0: LSI53C1030 A0, FwRev=00000000h, Ports=1, MaxQ=256, IRQ=20
[    2.853072] scsi 2:0:0:0: Direct-Access     VBOX     HARDDISK         1.0  PQ: 0 ANSI: 5
[    2.856710] scsi target2:0:0: Beginning Domain Validation
[    2.860036] scsi target2:0:0: Domain Validation skipping write tests
[    2.861698] scsi target2:0:0: Ending Domain Validation
[    2.863160] scsi target2:0:0: asynchronous
[    2.864979] scsi 2:0:1:0: Direct-Access     VBOX     HARDDISK         1.0  PQ: 0 ANSI: 5
[    2.867042] scsi target2:0:1: Beginning Domain Validation
[    2.870052] scsi target2:0:1: Domain Validation skipping write tests
[    2.871568] scsi target2:0:1: Ending Domain Validation
[    2.872911] scsi target2:0:1: asynchronous
[    2.878569] sd 2:0:0:0: Attached scsi generic sg0 type 0
[    2.888537] sd 2:0:0:0: [sda] 20971520 512-byte logical blocks: (10.7 GB/10.0 GiB)
[    2.890936] sd 2:0:0:0: [sda] Write Protect is off
[    2.892222] sd 2:0:0:0: [sda] Incomplete mode parameter data
[    2.893515] sd 2:0:0:0: [sda] Assuming drive cache: write through
[    2.898706] sd 2:0:1:0: [sdb] 20480 512-byte logical blocks: (10.5 MB/10.0 MiB)
[    2.901095]  sda: sda1
[    2.902030] sd 2:0:1:0: [sdb] Write Protect is off
[    2.903301] sd 2:0:1:0: Attached scsi generic sg1 type 0
[    2.904927] sd 2:0:1:0: [sdb] Incomplete mode parameter data
[    2.906251] sd 2:0:1:0: [sdb] Assuming drive cache: write through
[    2.908826] sd 2:0:0:0: [sda] Attached SCSI disk
[    2.913997] sd 2:0:1:0: [sdb] Attached SCSI disk
[    3.534712] e1000 0000:00:08.0 eth1: (PCI:33MHz:32-bit) 08:00:27:7b:bd:0f
[    3.536824] e1000 0000:00:08.0 eth1: Intel(R) PRO/1000 Network Connection
[    3.539268] e1000 0000:00:08.0 enp0s8: renamed from eth1
[    3.558738] e1000 0000:00:03.0 enp0s3: renamed from eth0
Begin: Loading essential drivers ... [    4.838694] md: linear personality registered for level -1
[    4.842818] md: multipath personality registered for level -4
[    4.847202] md: raid0 personality registered for level 0
[    4.852569] md: raid1 personality registered for level 1
[    4.924375] raid6: sse2x1   gen() 12263 MB/s
[    4.992375] raid6: sse2x1   xor()  9201 MB/s
[    5.060622] raid6: sse2x2   gen() 14991 MB/s
[    5.128553] raid6: sse2x2   xor() 10622 MB/s
[    5.196541] raid6: sse2x4   gen() 17629 MB/s
[    5.264499] raid6: sse2x4   xor() 11203 MB/s
[    5.332356] raid6: avx2x1   gen() 21500 MB/s
[    5.400376] raid6: avx2x2   gen() 27305 MB/s
[    5.468544] raid6: avx2x4   gen() 31098 MB/s
[    5.470673] raid6: using algorithm avx2x4 gen() 31098 MB/s
[    5.472117] raid6: using avx2x2 recovery algorithm
[    5.474553] xor: automatically using best checksumming function:
[    5.513174]    avx       : 44402.000 MB/sec
[    5.515881] async_tx: api initialized (async)
[    5.527092] md: raid6 personality registered for level 6
[    5.529104] md: raid5 personality registered for level 5
[    5.530765] md: raid4 personality registered for level 4
[    5.538545] md: raid10 personality registered for level 10
done.
Begin: Running /scripts/init-premount ... done.
Begin: Mounting root file system ... Begin: Running /scripts/local-top ... done.
Begin: Running /scripts/local-premount ... [    5.571286] Btrfs loaded
Scanning for Btrfs filesystems
done.
Warning: fsck not present, so skipping root file system
[    5.597618] EXT4-fs (sda1): mounted filesystem with ordered data mode. Opts: (null)
done.
Begin: Running /scripts/local-bottom ... done.
Begin: Running /scripts/init-bottom ... done.
[    5.662475] systemd[1]: systemd 229 running in system mode. (+PAM +AUDIT +SELINUX +IMA +APPARMOR +SMACK +SYSVINIT +UTMP +LIBCRYPTSETUP +GCRYPT +GNUTLS +ACL +XZ -LZ4 +SECCOMP +BLKID +ELFUTILS +KMOD -IDN)
[    5.666953] systemd[1]: Detected virtualization oracle.
[    5.668021] systemd[1]: Detected architecture x86-64.

Welcome to [1mUbuntu 16.04.6 LTS[0m!

[    5.671904] systemd[1]: Set hostname to <ubuntu>.
[    5.675684] systemd[1]: Initializing machine ID from random generator.
[    5.677122] systemd[1]: Installed transient /etc/machine-id file.
[    5.756085] systemd[1]: Listening on Journal Audit Socket.
[[0;32m  OK  [0m] Listening on Journal Audit Socket.
[    5.758455] systemd[1]: Listening on Journal Socket.
[[0;32m  OK  [0m] Listening on Journal Socket.
[    5.760818] systemd[1]: Listening on LVM2 poll daemon socket.
[[0;32m  OK  [0m] Listening on LVM2 poll daemon socket.
[    5.763325] systemd[1]: Reached target Encrypted Volumes.
[[0;32m  OK  [0m] Reached target Encrypted Volumes.
[    5.765681] systemd[1]: Created slice System Slice.
[[0;32m  OK  [0m] Created slice System Slice.
[    5.780936] systemd[1]: Mounting Huge Pages File System...
         Mounting Huge Pages File System...
[    5.784195] systemd[1]: Listening on /dev/initctl Compatibility Named Pipe.
[[0;32m  OK  [0m] Listening on /dev/initctl Compatibility Named Pipe.
[    5.787346] systemd[1]: Listening on Journal Socket (/dev/log).
[[0;32m  OK  [0m] Listening on Journal Socket (/dev/log).
[    5.789754] systemd[1]: Listening on Syslog Socket.
[[0;32m  OK  [0m] Listening on Syslog Socket.
[    5.791688] systemd[1]: Created slice User and Session Slice.
[[0;32m  OK  [0m] Created slice User and Session Slice.
[    5.793801] systemd[1]: Reached target Slices.
[[0;32m  OK  [0m] Reached target Slices.
[    5.795693] systemd[1]: Reached target Swap.
[[0;32m  OK  [0m] Reached target Swap.
[    5.797348] systemd[1]: Started Trigger resolvconf update for networkd DNS.
[[0;32m  OK  [0m] Started Trigger resolvconf update for networkd DNS.
[    5.800073] systemd[1]: Listening on udev Control Socket.
[[0;32m  OK  [0m] Listening on udev Control Socket.
[    5.802268] systemd[1]: Set up automount Arbitrary Executable File Formats File System Automount Point.
[[0;32m  OK  [0m] Set up automount Arbitrary Executab...ats File System Automount Point.
[    5.828703] systemd[1]: Starting Load Kernel Modules...
         Starting Load Kernel Modules...
[    5.832259] systemd[1]: Mounting POSIX Message Queue File System...
         Mounting POSIX Message Queue File System...
[    5.836680] Loading iSCSI transport class v2.0-870.
[    5.841264] systemd[1]: Starting Create list of required static device nodes for the current kernel...
[    5.844232] iscsi: registered transport (tcp)
         Starting Create list of required st... nodes for the current kernel...
[    5.847451] systemd[1]: Starting Uncomplicated firewall...
         Starting Uncomplicated firewall...
[    5.850315] systemd[1]: Reached target User and Group Name Lookups.
[[0;32m  OK  [0m] Reached target User and Group Name Lookups.
[    5.853850] systemd[1]: Mounting Debug File System...
         Mounting Debug File System...
[    5.860549] systemd[1]: Started Forward Password Requests to Wall Directory Watch.
[[0;32m  OK  [0m] Started Forward Password Requests to Wall Directory Watch.
[    5.864177] systemd[1]: Starting Nameserver information manager...
         Starting Nameserver information manager...
[    5.867056] systemd[1]: Created slice system-serial\x2dgetty.slice.
[[0;32m  OK  [0m] Created slice system-serial\x2dgetty.slice.
[    5.869589] systemd[1]: Listening on udev Kernel Socket.
[    5.869667] iscsi: registered transport (iser)
[[0;32m  OK  [0m] Listening on udev Kernel Socket.
[    5.873220] systemd[1]: Starting Set console keymap...
         Starting Set console keymap...
[    5.875677] systemd[1]: Listening on LVM2 metadata daemon socket.
[[0;32m  OK  [0m] Listening on LVM2 metadata daemon socket.
[    5.878982] systemd[1]: Starting Remount Root and Kernel File Systems...
         Starting Remount Root and Kernel File Systems...
[    5.881463] EXT4-fs (sda1): re-mounted. Opts: (null)
[    5.888955] systemd[1]: Reached target System Time Synchronized.
[[0;32m  OK  [0m] Reached target System Time Synchronized.
[    5.891561] systemd[1]: Listening on Device-mapper event daemon FIFOs.
[[0;32m  OK  [0m] Listening on Device-mapper event daemon FIFOs.
[    5.913036] systemd[1]: Starting Monitoring of LVM2 mirrors, snapshots etc. using dmeventd or progress polling...
         Starting Monitoring of LVM2 mirrors... dmeventd or progress polling...
[    5.919589] systemd[1]: Starting Journal Service...
         Starting Journal Service...
[    5.926729] systemd[1]: Mounted Debug File System.
[[0;32m  OK  [0m] Mounted Debug File System.
[    5.929528] systemd[1]: Mounted Huge Pages File System.
[[0;32m  OK  [0m] Mounted Huge Pages File System.
[    5.931778] systemd[1]: Mounted POSIX Message Queue File System.
[[0;32m  OK  [0m] Mounted POSIX Message Queue File System.
[    5.941483] systemd[1]: Started Journal Service.
[[0;32m  OK  [0m] Started Journal Service.
[[0;32m  OK  [0m] Started Load Kernel Modules.
[[0;32m  OK  [0m] Started Create list of required sta...ce nodes for the current kernel.
[[0;32m  OK  [0m] Started Uncomplicated firewall.
[[0;32m  OK  [0m] Started Set console keymap.
[[0;32m  OK  [0m] Started Remount Root and Kernel File Systems.
[[0;32m  OK  [0m] Started Nameserver information manager.
[[0;32m  OK  [0m] Started LVM2 metadata daemon.
         Starting udev Coldplug all Devices...
         Starting Load/Save Random Seed...
         Starting Create Static Device Nodes in /dev...
         Mounting FUSE Control File System...
         Starting Apply Kernel Variables...
         Starting Flush Journal to Persistent Storage...
[[0;32m  OK  [0m] Mounted FUSE Control File System.
[[0;32m  OK  [0m] Started Load/Save Random Seed.
[[0;32m  OK  [0m] Started Create Static Device Nodes in /dev.
[[0;32m  OK  [0m] Started Apply Kernel Variables.
[[0;32m  OK  [0m] Started udev Coldplug all Devices.
         Starting udev Kernel Device Manager...
[[0;32m  OK  [0m] Started Flush Journal to Persistent Storage.
[[0;32m  OK  [0m] Started udev Kernel Device Manager.
[[0;32m  OK  [0m] Started Dispatch Password Requests to Console Directory Watch.
[[0;32m  OK  [0m] Started Monitoring of LVM2 mirrors,...ng dmeventd or progress polling.
[[0;32m  OK  [0m] Reached target Local File Systems (Pre).
[[0;32m  OK  [0m] Reached target Local File Systems.
         Starting Commit a transient machine-id on disk...
         Starting Set console font and keymap...
         Starting Initial cloud-init job (pre-networking)...
         Starting Tell Plymouth To Write Out Runtime Data...
         Starting LSB: AppArmor initialization...
         Starting Create Volatile Files and Directories...
[[0;32m  OK  [0m] Started Tell Plymouth To Write Out Runtime Data.
[[0;32m  OK  [0m] Started Commit a transient machine-id on disk.
[[0;32m  OK  [0m] Started Create Volatile Files and Directories.
         Starting Update UTMP about System Boot/Shutdown...
[[0;32m  OK  [0m] Started Update UTMP about System Boot/Shutdown.
[[0;32m  OK  [0m] Found device /dev/ttyS0.
[[0;32m  OK  [0m] Listening on Load/Save RF Kill Switch Status /dev/rfkill Watch.
[[0;32m  OK  [0m] Started LSB: AppArmor initialization.
[    6.982391] cloud-init[481]: Cloud-init v. 19.3-41-gc4735dd3-0ubuntu1~16.04.1 running 'init-local' at Tue, 21 Jan 2020 08:17:20 +0000. Up 6.63 seconds.
[[0;32m  OK  [0m] Started Initial cloud-init job (pre-networking).
[[0;32m  OK  [0m] Reached target Network (Pre).
         Starting Raise network interfaces...
[[0;32m  OK  [0m] Started Set console font and keymap.
[[0;32m  OK  [0m] Created slice system-getty.slice.
[[0;32m  OK  [0m] Started Raise network interfaces.
[[0;32m  OK  [0m] Reached target Network.
         Starting Initial cloud-init job (metadata service crawler)...
[    8.091274] cloud-init[960]: Cloud-init v. 19.3-41-gc4735dd3-0ubuntu1~16.04.1 running 'init' at Tue, 21 Jan 2020 08:17:21 +0000. Up 7.69 seconds.
[    8.100345] cloud-init[960]: ci-info: ++++++++++++++++++++++++++++++++++++++Net device info+++++++++++++++++++++++++++++++++++++++
[    8.108582] cloud-init[960]: ci-info: +--------+-------+----------------------------+---------------+--------+-------------------+
[    8.116898] cloud-init[960]: ci-info: | Device |   Up  |          Address           |      Mask     | Scope  |     Hw-Address    |
[    8.124915] cloud-init[960]: ci-info: +--------+-------+----------------------------+---------------+--------+-------------------+
[    8.132413] cloud-init[960]: ci-info: | enp0s3 |  True |         10.0.2.15          | 255.255.255.0 | global | 02:e4:c4:97:dc:06 |
[[0;32m  OK  [0m] Started Initial cloud-init job (metadata service crawler).
[[    8.132585] [0;32m  OK  [0mcloud-init] [960]: Reached target Cloud-config availability.ci-info: | enp0s3 |  True | fe80::e4:c4ff:fe97:dc06/64 |       .       |  link  | 02:e4:c4:97:dc:06 |

[    8.136172] cloud-init[960]: ci-info: | enp0s8 | False |             .              |       .       |   .    | 08:00:27:7b:bd:0f |
[    8.136418] cloud-init[960]: ci-info: |   lo   |  True |         127.0.0.1          |   255.0.0.0   |  host  |         .         |
[    8.136504] cloud-init[960]: ci-info: |   lo   |  True |          ::1/128           |       .       |  host  |         .         |
[[0;32m  OK  [0m] Reached target System Initialization.
[[    8.136591] cloud-init[960]: ci-info: +--------+-------+----------------------------+---------------+--------+-------------------+
[    8.141647] cloud-init[960]: ci-info: +++++++++++++++++++++++++++Route IPv4 info++++++++++++++++++++++++++++
[    8.142247] cloud-init[960]: ci-info: +-------+-------------+----------+---------------+-----------+-------+
[    8.142868] cloud-init[960]: ci-info: | Route | Destination | Gateway  |    Genmask    | Interface | Flags |
[    8.143486] cloud-init[960]: ci-info: +-------+-------------+----------+---------------+-----------+-------+
[    8.143892] cloud-init[960]: ci-info: |   0   |   0.0.0.0   | 10.0.2.2 |    0.0.0.0    |   enp0s3  |   UG  |
[    8.144535] cloud-init[960]: ci-info: |   1   |   10.0.2.0  | 0.0.0.0  | 255.255.255.0 |   enp0s3  |   U   |
[    8.145134] cloud-init[960]: ci-info: +-------+-------------+----------+---------------+-----------+-------+
[0;32m  OK  [0m[    8.145676] cloud-init[960]: ci-info: +++++++++++++++++++Route IPv6 info+++++++++++++++++++
[    8.146250] cloud-init[960]: ci-info: +-------+-------------+---------+-----------+-------+
[    8.146826] cloud-init[960]: ci-info: | Route | Destination | Gateway | Interface | Flags |
[    8.147386] cloud-init[960]: ci-info: +-------+-------------+---------+-----------+-------+
[    8.147943] cloud-init[960]: ci-info: |   0   |  fe80::/64  |    ::   |   enp0s3  |   U   |
[    8.148537] cloud-init[960]: ci-info: |   3   |   ff00::/8  |    ::   |   enp0s3  |   U   |
[    8.149076] cloud-init[960]: ci-info: +-------+-------------+---------+-----------+-------+
[    8.149637] cloud-init[960]: Generating public/private rsa key pair.
[    8.150195] cloud-init[960]: Your identification has been saved in /etc/ssh/ssh_host_rsa_key.
[    8.150582] cloud-init[960]: Your public key has been saved in /etc/ssh/ssh_host_rsa_key.pub.
[    8.150993] cloud-init[960]: The key fingerprint is:
[    8.151104] cloud-init[960]: SHA256:7enPgSrwX04fwc2e69GXF3BEjshtOfZsq/1X4Ixea2s root@ubuntu-xenial
[    8.151224] cloud-init[960]: The key's randomart image is:
[    8.151267] cloud-init[960]: +---[RSA 2048]----+
[    8.151429] cloud-init[960]: |              .o |
[    8.151538] cloud-init[960]: |          . o =  |
[    8.151566] cloud-init[960]: |           o O o |
[    8.151625] cloud-init[960]: |         . .ooB  |
] Listening on UUID daemon activation socket.
[    8.151768] cloud-init[960]: |        S . o+o* |
[    8.177110] cloud-init[960]: |    .    . o.o=o=|
[    8.177455] cloud-init[960]: |     o    *.o.++=|
[[0;32m  OK  [0m] Started Message of the Day.
[[    8.177671] [0;32m  OK  [0mcloud-init] [960]: Started Daily Cleanup of Temporary Directories.|      o  * o.oEo+|

[    8.193255] cloud-init[960]: |       oo o.+=+o+|
[    8.193683] cloud-init[960]: +----[SHA256]-----+[
[0;32m  OK  [0m] Listening on D-Bus System Message Bus Socket.
[    8.193728] cloud-init[960]: Generating public/private dsa key pair.
         Starting Socket activation for snappy daemon.
[    8.201951] cloud-init[960]: Your identification has been saved in /etc/ssh/ssh_host_dsa_key.
[    8.217019] cloud-init[960]: Your public key has been saved in /etc/ssh/ssh_host_dsa_key.pub.
[    8.217354] cloud-init[960]: The key fingerprint is:
[    8.217434] cloud-init[960]: SHA256:8cekQQhjNp97/5ZXT7n1sd+d/HzFPvbgeffk/2KXH/Q root@ubuntu-xenial
[[0;32m  OK  [0m] Started ACPI Events Check.
[[    8.217555] [0;32m  OK  [0mcloud-init] [960]: Reached target Paths.The key's randomart image is:

[    8.230390] cloud-init[[960]: [0;32m  OK  [0m+---[DSA 1024]----+] 
Listening on ACPID Listen Socket.
[[    8.230682] [0;32m  OK  [0mcloud-init] [960]: Started Daily apt download activities.|      *. ..      |

[    8.241200] cloud-init[960]: |     o +.o       |
[    8.241669] cloud-init[960]: |        + . .    |
[[0;32m  OK  [0m] Started Daily apt upgrade and clean activities.
[    8.241769] cloud-init[960]: |         + =     |
[    8.244316] cloud-init[960]: |        S + o  o.|
[    8.245144] cloud-init[960]: |         . o  .oB|
[    8.245966] cloud-init[960]: |            . .=E|
[    8.246799] cloud-init[960]: |             o*%#|
[    8.247660] cloud-init[960]: |             o=B^|
[    8.248550] cloud-init[960]: +----[SHA256]-----+
[    8.249215] cloud-init[960]: Generating public/private ecdsa key pair.
[    8.249887] cloud-init[960]: Your identification has been saved in /etc/ssh/ssh_host_ecdsa_key.
[    8.250562] cloud-init[960]: Your public key has been saved in /etc/ssh/ssh_host_ecdsa_key.pub.
[    8.251239] cloud-init[960]: The key fingerprint is:
[    8.252181] cloud-init[960]: SHA256:tTNQpOnanvK5kNjRBnWfBXpsEsTenNW7BZYk4GQHx0k root@ubuntu-xenial
[    8.252831] cloud-init[960]: The key's randomart image is:
[    8.253398] cloud-init[960]: +---[ECDSA 256]---+
[    8.253978] cloud-init[960]: |        .+@=E+oo |
[    8.254548] cloud-init[960]: |       . O.Bo+= .|
[    8.255121] cloud-init[960]: |      . +.=o*+ ..|
[[0;32m  OK  [0m] Reached target Timers.
[    8.255466] cloud-init[960]: |       + o.=+  ..|
         Starting LXD - unix socket.
[    8.260760] cloud-init[960]: |      . S +     o|
[    8.261090] cloud-init[960]: |     o *   o   . |
[    8.261637] cloud-init[960]: |    . = .        |
[    8.262175] cloud-init[960]: |      .o o       |
[    8.262715] cloud-init[960]: |       o*.       |
[[0;32m  OK  [0m] Reached target Network is Online.
[    8.262941] cloud-init[960]: +----[SHA256]-----+
[    8.274226] cloud-init[960]: Generating public/private ed25519 key pair.
[    8.280769] cloud-init[960]: Your identification has been saved in /etc/ssh/ssh_host_ed25519_key.
[    8.282234] cloud-init[960]: Your public key has been saved in /etc/ssh/ssh_host_ed25519_key.pub.
[    8.283460] cloud-init[960]: The key fingerprint is:
[    8.284385] cloud-init[960]: SHA256:r2XxOGz8cun+vfDnU+bKG0/ovpdh2IDXLQAW0/5S7zk root@ubuntu-xenial
[    8.292211] cloud-init[960]: The key's randomart image is:
[    8.301126] cloud-init[960]: +--[ED25519 256]--+
[    8.301393] cloud-init[960]: |          =+     |
         Starting iSCSI initiator daemon (iscsid)...
[    8.301458] cloud-init[960]: |         . .o    |
[    8.317393] cloud-init[960]: |           .... .|
[    8.317569] cloud-init[960]: |           ..oo..|
[[0;32m  OK  [0m] Listening on Socket activation for snappy daemon.
[[    8.317793] [0;32m  OK  [0mcloud-init] [960]: Listening on LXD - unix socket.|        S . .o+o |

[    8.321337] cloud-init[960]: |         + +...=+|
[    8.322056] cloud-init[960]: |          X .+++*|
[    8.322802] cloud-init[960]: |         =.ooooE=|
[    8.323626] cloud-init[960]: |        .  =+oOOO|
[    8.332767] cloud-init[960]: +----[SHA256]-----+
[[0;32m  OK  [0m] Reached target Sockets.
[[0;32m  OK  [0m] Reached target Basic System.
         Starting LXD - container startup/shutdown...
[[0;32m  OK  [0m] Started D-Bus System Message Bus.
         Starting Pollinate to seed the pseudo random number generator...
         Starting /etc/rc.local Compatibility...
[[0;32m  OK  [0m] Started Regular background program processing daemon.
         Starting Virtualbox guest utils...
[[0;32m  OK  [0m] Started Deferred execution scheduler.
         Starting LSB: MD monitoring daemon...
         Starting Accounts Service...
         Starting LSB: Record successful boot for GRUB...
         Starting Login Service...
[[0;32m  OK  [0m] Started ACPI event daemon.
         Starting System Logging Service...
[[0;32m  OK  [0m] Started FUSE filesystem for LXC.
         Starting Snappy daemon...
[[0;32m  OK  [0m] Started iSCSI initiator daemon (iscsid).
[[0;32m  OK  [0m] Started /etc/rc.local Compatibility.
[[0;32m  OK  [0m] Started System Logging Service.
[[0;32m  OK  [0m] Started LXD - container startup/shutdown.
[[0;32m  OK  [0m] Started Login Service.
[[0;32m  OK  [0m] Started Unattended Upgrades Shutdown.
         Starting Authenticate and Authorize Users to Run Privileged Tasks...
         Starting Login to default iSCSI targets...
[[0;32m  OK  [0m] Started LSB: MD monitoring daemon.
[[0;32m  OK  [0m] Started LSB: Record successful boot for GRUB.
[[0;32m  OK  [0m] Started Login to default iSCSI targets.
[[0;32m  OK  [0m] Reached target Remote File Systems (Pre).
[[0;32m  OK  [0m] Reached target Remote File Systems.
         Starting LSB: daemon to balance interrupts for SMP systems...
         Starting LSB: automatic crash report generation...
         Starting Permit User Sessions...
         Starting LSB: Set the CPU Frequency Scaling governor to "ondemand"...
[[0;32m  OK  [0m] Started Permit User Sessions.
[[0;32m  OK  [0m] Started Authenticate and Authorize Users to Run Privileged Tasks.
[[0;32m  OK  [0m] Started Accounts Service.
         Starting Terminate Plymouth Boot Screen...
         Starting Hold until boot process finishes up...
[[0;32m  OK  [0m] Started Virtualbox guest utils.
[[0;32m  OK  [0m] Started LSB: daemon to balance interrupts for SMP systems.
[[0;32m  OK  [0m] Started LSB: automatic crash report generation.
[[0;32m  OK  [0m] Started LSB: Set the CPU Frequency Scaling governor to "ondemand".
[[0;32m  OK  [0m] Started Terminate Plymouth Boot Screen.
[[0;32m  OK  [0m] Started Hold until boot process finishes up.
[[0;32m  OK  [0m] Started Serial Getty on ttyS0.
         Starting Set console scheme...
[[0;32m  OK  [0m] Started Getty on tty1.
[[0;32m  OK  [0m] Reached target Login Prompts.
[[0;32m  OK  [0m] Started Set console scheme.
[[0;32m  OK  [0m] Started Snappy daemon.
         Starting Wait until snapd is fully seeded...
[[0;32m  OK  [0m] Started Pollinate to seed the pseudo random number generator.
         Starting OpenBSD Secure Shell server...
[[0;32m  OK  [0m] Started OpenBSD Secure Shell server.
[[0;32m  OK  [0m] Started Wait until snapd is fully seeded.
         Starting Apply the settings specified in cloud-config...
[[0;32m  OK  [0m] Reached target Multi-User System.
[[0;32m  OK  [0m] Reached target Graphical Interface.
         Starting Update UTMP about System Runlevel Changes...
[[0;32m  OK  [0m] Started Update UTMP about System Runlevel Changes.
[   10.490633] cloud-init[1309]: Generating locales (this might take a while)...
[   11.137505] cloud-init[1309]:   en_US.UTF-8... done
[   11.138635] cloud-init[1309]: Generation complete.
[   11.335466] cloud-init[1309]: Cloud-init v. 19.3-41-gc4735dd3-0ubuntu1~16.04.1 running 'modules:config' at Tue, 21 Jan 2020 08:17:24 +0000. Up 10.42 seconds.
[[0;32m  OK  [0m] Started Apply the settings specified in cloud-config.
         Starting Execute cloud user/final scripts...
ci-info: no authorized ssh keys fingerprints found for user ubuntu.
<14>Jan 21 08:17:25 ec2: 
<14>Jan 21 08:17:25 ec2: #############################################################
<14>Jan 21 08:17:25 ec2: -----BEGIN SSH HOST KEY FINGERPRINTS-----
<14>Jan 21 08:17:25 ec2: 1024 SHA256:8cekQQhjNp97/5ZXT7n1sd+d/HzFPvbgeffk/2KXH/Q root@ubuntu-xenial (DSA)
<14>Jan 21 08:17:25 ec2: 256 SHA256:tTNQpOnanvK5kNjRBnWfBXpsEsTenNW7BZYk4GQHx0k root@ubuntu-xenial (ECDSA)
<14>Jan 21 08:17:25 ec2: 256 SHA256:r2XxOGz8cun+vfDnU+bKG0/ovpdh2IDXLQAW0/5S7zk root@ubuntu-xenial (ED25519)
<14>Jan 21 08:17:25 ec2: 2048 SHA256:7enPgSrwX04fwc2e69GXF3BEjshtOfZsq/1X4Ixea2s root@ubuntu-xenial (RSA)
<14>Jan 21 08:17:25 ec2: -----END SSH HOST KEY FINGERPRINTS-----
<14>Jan 21 08:17:25 ec2: #############################################################
-----BEGIN SSH HOST KEY KEYS-----
ecdsa-sha2-nistp256 AAAAE2VjZHNhLXNoYTItbmlzdHAyNTYAAAAIbmlzdHAyNTYAAABBBD8kaBVVQSQ1rqvgXOPGPwBxjp3xi+kcCDUQyqfmq6tvWZZDHHTkfKF/9D+QORlalcDk4eQV1aIIdEhTltaKv7k= root@ubuntu-xenial
ssh-ed25519 AAAAC3NzaC1lZDI1NTE5AAAAIGDGNFobfkPXSXQ/sLUmfmRi48POsCyHtaGOyOau3Ryo root@ubuntu-xenial
ssh-rsa AAAAB3NzaC1yc2EAAAADAQABAAABAQDCpgqJ55AUFy6olj7vaUTIl6VFKzHqLV29VcwzlXHGkWawx6LgxCqvjLULwCu7jL+m6NxYZ2wj11CEhGnfB7Q4z8DUxuZOCqQuunpoz2rrkH74fTExriUs7KzRv5rUZhqAdk4DMOSGlSZ46AdmLkfq0UcwChxD0C7Dl0aRz2gmLcOQxdR6cZP3ginDlAcHI1uz/b3eYrmAcyI7RRJuUvN0yzYfwOUfpyHaQ/7P7RLD0qU/234bMdrQnrSwC889OTj9mGtN22JfofSrAjxkx+vf86PwKFfXiB4cz2g/tPEigh/B9ImTZA2yVyfCCczN8mz4W3ArEfKkmTFjdIk2MYdl root@ubuntu-xenial
-----END SSH HOST KEY KEYS-----
[   11.697618] cloud-init[1350]: Cloud-init v. 19.3-41-gc4735dd3-0ubuntu1~16.04.1 running 'modules:final' at Tue, 21 Jan 2020 08:17:25 +0000. Up 11.59 seconds.
[   11.699355] cloud-init[1350]: ci-info: no authorized ssh keys fingerprints found for user ubuntu.
[   11.700741] cloud-init[1350]: Cloud-init v. 19.3-41-gc4735dd3-0ubuntu1~16.04.1 finished at Tue, 21 Jan 2020 08:17:25 +0000. Datasource DataSourceNoCloud [seed=/dev/sdb][dsmode=net].  Up 11.69 seconds
[[0;32m  OK  [0m] Started Execute cloud user/final scripts.
[[0;32m  OK  [0m] Reached target Cloud-init target.

Ubuntu 16.04.6 LTS ubuntu-xenial ttyS0

ubuntu-xenial login: 